2025-04-15 15:22:03,057 - app - INFO - Logging is set up.
2025-04-15 15:22:03,316 - app - INFO - Logging is set up.
2025-04-15 15:58:10,380 - app - INFO - Logging is set up.
2025-04-15 15:58:10,639 - app - INFO - Logging is set up.
2025-04-15 15:58:52,791 - app - INFO - Logging is set up.
2025-04-15 15:59:27,500 - app - INFO - Logging is set up.
2025-04-15 16:10:42,735 - app - INFO - Logging is set up.
2025-04-15 16:11:16,647 - app - INFO - Logging is set up.
2025-04-15 16:11:24,881 - app - INFO - Logging is set up.
2025-04-15 16:13:25,734 - app - INFO - Logging is set up.
2025-04-15 16:14:57,764 - app - INFO - Logging is set up.
2025-04-15 16:15:14,116 - app - INFO - Logging is set up.
2025-04-15 16:15:14,385 - app - INFO - Logging is set up.
2025-04-15 16:16:26,314 - app - INFO - Logging is set up.
2025-04-15 16:16:26,602 - app - INFO - Logging is set up.
2025-04-15 16:17:31,212 - app - INFO - Logging is set up.
2025-04-15 16:17:35,792 - app - INFO - Logging is set up.
2025-04-15 16:17:36,056 - app - INFO - Logging is set up.
2025-04-15 16:19:58,425 - app - INFO - Logging is set up.
2025-04-15 16:29:55,593 - app - INFO - Logging is set up.
2025-04-15 16:29:55,872 - app - INFO - Logging is set up.
2025-04-15 16:30:20,258 - app - INFO - Logging is set up.
2025-04-15 16:32:42,595 - app - INFO - Logging is set up.
2025-04-15 16:34:02,989 - app - INFO - Logging is set up.
2025-04-15 16:34:19,013 - app - INFO - Logging is set up.
2025-04-15 16:34:28,736 - app - INFO - Logging is set up.
2025-04-15 16:35:47,956 - app - INFO - Logging is set up.
2025-04-15 16:35:48,236 - app - INFO - Logging is set up.
2025-07-23 15:01:02,026 - app - INFO - Logging is set up.
2025-07-23 15:01:02,318 - app - INFO - Logging is set up.
2025-07-23 15:08:41,643 - app - INFO - Logging is set up.
2025-07-23 15:09:09,229 - app - INFO - Logging is set up.
2025-07-23 15:11:46,156 - app - INFO - Logging is set up.
2025-07-23 15:13:16,005 - app - INFO - Logging is set up.
2025-07-23 15:36:55,053 - app - INFO - Logging is set up.
2025-07-23 15:37:06,953 - app - INFO - Logging is set up.
2025-07-23 15:37:41,852 - app - INFO - Logging is set up.
2025-07-23 15:38:17,221 - app - INFO - Logging is set up.
2025-07-23 15:38:26,046 - app - INFO - Logging is set up.
2025-07-23 15:38:32,932 - app - INFO - Logging is set up.
2025-07-23 15:46:59,121 - app - INFO - Logging is set up.
2025-07-23 16:34:58,954 - app - INFO - Logging is set up.
2025-07-23 16:35:36,934 - app - INFO - Logging is set up.
2025-07-23 16:35:45,754 - app - INFO - Logging is set up.
2025-07-23 16:35:51,345 - app - INFO - Logging is set up.
2025-07-23 16:36:04,277 - app - INFO - Logging is set up.
2025-07-23 16:36:20,330 - app - INFO - Logging is set up.
2025-07-23 16:40:53,962 - app - INFO - Logging is set up.
2025-07-23 16:41:00,643 - app - INFO - Logging is set up.
2025-07-23 16:41:05,169 - app - INFO - Logging is set up.
2025-07-23 16:41:20,244 - app - INFO - Logging is set up.
2025-07-23 16:41:22,683 - app - INFO - Logging is set up.
2025-07-23 16:42:32,945 - app - INFO - Logging is set up.
2025-07-23 16:42:36,962 - app - INFO - Logging is set up.
2025-07-23 16:42:36,986 - app - INFO - Logging is set up.
2025-07-23 16:42:36,986 - app - INFO - Logging is set up.
2025-07-23 16:42:37,015 - app - INFO - Logging is set up.
2025-07-23 16:42:37,015 - app - INFO - Logging is set up.
2025-07-23 16:42:37,015 - app - INFO - Logging is set up.
2025-07-23 16:42:37,041 - app - INFO - Logging is set up.
2025-07-23 16:42:37,041 - app - INFO - Logging is set up.
2025-07-23 16:42:37,041 - app - INFO - Logging is set up.
2025-07-23 16:42:37,041 - app - INFO - Logging is set up.
2025-07-23 16:42:37,063 - app - INFO - Logging is set up.
2025-07-23 16:42:37,063 - app - INFO - Logging is set up.
2025-07-23 16:42:37,063 - app - INFO - Logging is set up.
2025-07-23 16:42:37,063 - app - INFO - Logging is set up.
2025-07-23 16:42:37,063 - app - INFO - Logging is set up.
2025-07-23 16:44:31,075 - app - INFO - Logging is set up.
2025-07-23 16:44:31,334 - app - INFO - Logging is set up.
2025-07-23 16:45:09,103 - app - INFO - Intent analysis requested for user 1: What should I do buy or lease a new car?...
2025-07-23 16:45:37,670 - app - INFO - Intent analysis requested for user 1: What should I do buy or lease a new car?...
2025-07-23 16:46:58,043 - app - INFO - Intent analysis requested for user 1: buy or lease a new car?...
2025-07-23 16:54:11,437 - app - INFO - Intent analysis requested for user 1: lease of buy new car?...
2025-07-23 16:55:23,561 - app - INFO - Logging is set up.
2025-07-23 16:55:37,563 - app - INFO - Logging is set up.
2025-07-23 16:55:46,302 - app - INFO - Logging is set up.
2025-07-24 14:51:05,493 - app - INFO - Logging is set up.
2025-07-24 15:11:41,550 - app - INFO - Logging is set up.
2025-07-24 15:16:45,771 - app - INFO - Intent analysis requested for user 1: buy or lease a electric car in Bay Area?...
2025-07-24 15:19:41,376 - app - INFO - Intent analysis requested for user 1: buy or lease a electric car in Bay Area?...
2025-07-24 15:20:53,087 - app - INFO - Intent analysis requested for user 1: find me a vacation destination for my family in the next 2 months....
2025-07-24 15:23:26,125 - app - INFO - Logging is set up.
2025-07-24 15:23:27,835 - app - INFO - Logging is set up.
2025-07-24 15:23:35,806 - app - INFO - Logging is set up.
2025-07-24 15:24:55,683 - app - INFO - Intent analysis requested for user 1: find me a vacation location for my familly in September or October....
2025-07-24 15:25:23,282 - app - INFO - Logging is set up.
2025-07-24 15:25:53,124 - app - INFO - Logging is set up.
2025-07-24 15:25:53,638 - app - INFO - Logging is set up.
2025-07-24 15:26:55,583 - app - INFO - Intent analysis requested for user 1: which is better tesla or vw?...
2025-07-24 15:28:15,971 - app - INFO - Intent analysis requested for user 1: can you find out why pasta is better in italy?...
2025-07-24 15:32:26,109 - app - INFO - Intent analysis requested for user 1: lets compare voo and spy...
2025-07-24 15:35:32,856 - app - INFO - Intent analysis requested for user 1: bok a some travel to family and later september...
2025-07-24 15:40:23,423 - app - INFO - Intent analysis requested for user 1: where is best tahoe to take vacations?...
